-------------------------------------------------------------------------------
Test set: FileWriterAndReaderTest
-------------------------------------------------------------------------------
Tests run: 3, Failures: 1, Errors: 0, Skipped: 0, Time elapsed: 0.04 sec <<< FAILURE! - in FileWriterAndReaderTest
shouldReturnStringTableWithFileNames(FileWriterAndReaderTest)  Time elapsed: 0.005 sec  <<< FAILURE!
java.lang.AssertionError: expected:<2> but was:<3>
	at FileWriterAndReaderTest.shouldReturnStringTableWithFileNames(FileWriterAndReaderTest.java:23)

