-------------------------------------------------------------------------------
Test set: FileWriterAndReaderTest
-------------------------------------------------------------------------------
Tests run: 5, Failures: 1, Errors: 0, Skipped: 0, Time elapsed: 0.065 s <<< FAILURE! - in FileWriterAndReaderTest
shouldReturnStringTableWithFileNames(FileWriterAndReaderTest)  Time elapsed: 0.01 s  <<< FAILURE!
java.lang.AssertionError: expected:<3> but was:<2>
	at FileWriterAndReaderTest.shouldReturnStringTableWithFileNames(FileWriterAndReaderTest.java:31)

