<?xml version="1.0" encoding="UTF-8"?>
<testsuite xmlns:xsi="http://www.w3.org/2001/XMLSchema-instance" xsi:noNamespaceSchemaLocation="https://maven.apache.org/surefire/maven-surefire-plugin/xsd/surefire-test-report.xsd" name="FileWriterAndReaderTest" time="0.185" tests="5" errors="0" skipped="0" failures="0">
  <properties>
[...]
</properties>
  <testcase name="shouldWriteBarnObjectToFile" classname="FileWriterAndReaderTest" time="0.129"/>
  <testcase name="shouldReturnTrueWhileCheckingFileIsNotEmpty" classname="FileWriterAndReaderTest" time="0"/>
  <testcase name="shouldNotReadFile" classname="FileWriterAndReaderTest" time="0"/>
  <testcase name="shouldReturnFalseWhileCheckingFileIsNotEmpty" classname="FileWriterAndReaderTest" time="0"/>
  <testcase name="shouldReturnStringTableWithFileNames" classname="FileWriterAndReaderTest" time="0"/>
</testsuite>