<?xml version="1.0" encoding="UTF-8"?>
<testsuite xmlns:xsi="http://www.w3.org/2001/XMLSchema-instance" xsi:schemaLocation="https://maven.apache.org/surefire/maven-surefire-plugin/xsd/surefire-test-report.xsd" name="FileWriterAndReaderTest" time="0.04" tests="3" errors="0" skipped="0" failures="1">
  <properties>
[...]
</properties>
  <testcase name="shouldReturnTrueWhileCheckingFileIsNotEmpty" classname="FileWriterAndReaderTest" time="0.005"/>
  <testcase name="shouldReturnFalseWhileCheckingFileIsNotEmpty" classname="FileWriterAndReaderTest" time="0"/>
  <testcase name="shouldReturnStringTableWithFileNames" classname="FileWriterAndReaderTest" time="0.005">
    <failure message="expected:&lt;2&gt; but was:&lt;3&gt;" type="java.lang.AssertionError"><![CDATA[java.lang.AssertionError: expected:<2> but was:<3>
	at FileWriterAndReaderTest.shouldReturnStringTableWithFileNames(FileWriterAndReaderTest.java:23)
]]></failure>
  </testcase>
</testsuite>